2025-12-27 16:02:25,661 [FoodDeliveryApp] INFO Connected to The DataBase!
2025-12-28 11:19:22,188 [FoodDeliveryApp] INFO Connected to The DataBase!
2025-12-28 11:19:22,190 [FoodDeliveryApp] INFO User Tried to Login!
2025-12-28 11:19:35,390 [FoodDeliveryApp] INFO poorana selvan : Admin Logged In!
2025-12-28 11:31:59,016 [FoodDeliveryApp] INFO Connected to The DataBase!
2025-12-28 11:31:59,018 [FoodDeliveryApp] INFO User Tried to Login!
2025-12-28 11:32:07,376 [FoodDeliveryApp] INFO poorana selvan : Admin Logged In!
2025-12-28 11:33:20,971 [FoodDeliveryApp] INFO User Tried to Login!
2025-12-28 11:33:22,746 [FoodDeliveryApp] INFO User Exited!
2025-12-28 11:33:29,175 [FoodDeliveryApp] INFO Connected to The DataBase!
2025-12-28 11:33:29,177 [FoodDeliveryApp] INFO User Tried to Login!
2025-12-28 11:34:04,932 [FoodDeliveryApp] INFO vijay r : Customer Logged In!
2025-12-28 11:34:08,201 [FoodDeliveryApp] INFO vijay r Viewed a Hotel Menu!
2025-12-28 11:34:26,001 [FoodDeliveryApp] INFO vijay r Added a Menu in Cart!
2025-12-28 11:34:26,907 [FoodDeliveryApp] INFO vijay r Viewed a Cart!
2025-12-28 11:34:44,574 [FoodDeliveryApp] INFO vijay r Placed a New Order!
2025-12-28 11:35:01,108 [FoodDeliveryApp] INFO vijay r Tracked Their Order!
2025-12-28 11:35:04,602 [FoodDeliveryApp] INFO User Tried to Login!
2025-12-28 11:35:11,076 [FoodDeliveryApp] INFO ragulragul : DeliveryAgent Logged In!
2025-12-28 11:37:27,119 [FoodDeliveryApp] INFO User Tried to Login!
2025-12-28 11:37:34,506 [FoodDeliveryApp] INFO vijay r : Customer Logged In!
2025-12-28 11:37:39,567 [FoodDeliveryApp] INFO vijay r Tracked Their Order!
2025-12-28 11:37:42,254 [FoodDeliveryApp] INFO User Tried to Login!
2025-12-28 11:37:49,520 [FoodDeliveryApp] INFO ragulragul : DeliveryAgent Logged In!
2025-12-28 11:39:13,212 [FoodDeliveryApp] INFO User Tried to Login!
2025-12-28 11:39:19,622 [FoodDeliveryApp] INFO vijay r : Customer Logged In!
2025-12-28 11:39:23,160 [FoodDeliveryApp] INFO vijay r Tracked Their Order!
2025-12-28 11:39:26,305 [FoodDeliveryApp] INFO vijay r Viewed Order History!
2025-12-28 11:39:35,584 [FoodDeliveryApp] INFO User Tried to Login!
2025-12-28 11:39:42,214 [FoodDeliveryApp] INFO User Tried to Login!
2025-12-28 11:39:50,200 [FoodDeliveryApp] INFO User Tried to Login!
2025-12-28 11:40:01,009 [FoodDeliveryApp] INFO poorana selvan : Admin Logged In!
2025-12-28 11:40:47,552 [FoodDeliveryApp] INFO User Tried to Login!
2025-12-28 11:40:58,815 [FoodDeliveryApp] INFO vijay r : Customer Logged In!
2025-12-28 11:41:03,192 [FoodDeliveryApp] INFO vijay r Tracked Their Order!
2025-12-28 11:41:04,763 [FoodDeliveryApp] INFO vijay r Viewed Order History!
2025-12-28 11:41:12,793 [FoodDeliveryApp] INFO User Tried to Login!
2025-12-28 11:41:19,676 [FoodDeliveryApp] INFO ragulragul : DeliveryAgent Logged In!
2025-12-28 11:50:11,927 [FoodDeliveryApp] INFO Connected to The DataBase!
2025-12-28 11:50:11,928 [FoodDeliveryApp] INFO User Tried to Login!
2025-12-28 11:50:20,530 [FoodDeliveryApp] INFO ragulragul : DeliveryAgent Logged In!
2025-12-28 12:02:02,305 [FoodDeliveryApp] INFO Connected to The DataBase!
2025-12-28 12:02:02,307 [FoodDeliveryApp] INFO User Tried to Login!
2025-12-28 12:02:10,832 [FoodDeliveryApp] INFO ragulragul : DeliveryAgent Logged In!
2025-12-28 12:08:24,542 [FoodDeliveryApp] INFO Connected to The DataBase!
2025-12-28 12:08:24,544 [FoodDeliveryApp] INFO User Tried to Login!
2025-12-28 12:08:32,806 [FoodDeliveryApp] INFO ragulragul : DeliveryAgent Logged In!
2025-12-28 12:11:30,797 [FoodDeliveryApp] INFO Connected to The DataBase!
2025-12-28 12:11:30,799 [FoodDeliveryApp] INFO User Tried to Login!
2025-12-28 12:11:37,131 [FoodDeliveryApp] INFO ragulragul : DeliveryAgent Logged In!
2025-12-28 12:12:17,813 [FoodDeliveryApp] INFO Connected to The DataBase!
2025-12-28 12:12:17,815 [FoodDeliveryApp] INFO User Tried to Login!
2025-12-28 12:36:26,526 [FoodDeliveryApp] INFO Connected to The DataBase!
2025-12-28 12:36:26,528 [FoodDeliveryApp] INFO User Tried to Login!
2025-12-28 12:36:34,269 [FoodDeliveryApp] INFO ragulragul : DeliveryAgent Logged In!
2025-12-28 12:36:37,177 [FoodDeliveryApp] INFO User Tried to Login!
2025-12-28 12:36:38,597 [FoodDeliveryApp] INFO User Exited!
